<?xml version="1.0" encoding="UTF-8"?>
<testsuite name="me.dio.credit.application.system.CreditApplicationSystemApplicationTests" tests="1" skipped="0" failures="0" errors="0" timestamp="2023-11-19T19:58:49" hostname="TIAGO" time="1.229">
  <properties/>
  <testcase name="contextLoads()" classname="me.dio.credit.application.system.CreditApplicationSystemApplicationTests" time="1.229"/>
  <system-out><![CDATA[16:58:19.989 [Test worker] DEBUG org.springframework.boot.test.context.SpringBootTestContextBootstrapper - Neither @ContextConfiguration nor @ContextHierarchy found for test class [CreditApplicationSystemApplicationTests]: using SpringBootContextLoader
16:58:20.014 [Test worker] DEBUG org.springframework.test.context.support.AbstractContextLoader - Could not detect default resource locations for test class [me.dio.credit.application.system.CreditApplicationSystemApplicationTests]: no resource found for suffixes {-context.xml, Context.groovy}.
16:58:20.016 [Test worker] INFO org.springframework.test.context.support.AnnotationConfigContextLoaderUtils - Could not detect default configuration classes for test class [me.dio.credit.application.system.CreditApplicationSystemApplicationTests]: CreditApplicationSystemApplicationTests does not declare any static, non-private, non-final, nested classes annotated with @Configuration.
16:58:20.129 [Test worker] DEBUG org.springframework.boot.test.context.SpringBootTestContextBootstrapper - Using ContextCustomizers for test class [CreditApplicationSystemApplicationTests]: [DisableObservabilityContextCustomizer, PropertyMappingContextCustomizer, Customizer, ExcludeFilterContextCustomizer, DuplicateJsonObjectContextCustomizer, MockitoContextCustomizer, TestRestTemplateContextCustomizer]
16:58:20.503 [Test worker] DEBUG org.springframework.context.annotation.ClassPathScanningCandidateComponentProvider - Identified candidate component class: file [C:\Users\tiago\Documentos\Programação\Dio\credit-application-system\build\classes\kotlin\main\me\dio\credit\application\system\CreditApplicationSystemApplication.class]
16:58:20.508 [Test worker] INFO org.springframework.boot.test.context.SpringBootTestContextBootstrapper - Found @SpringBootConfiguration me.dio.credit.application.system.CreditApplicationSystemApplication for test class me.dio.credit.application.system.CreditApplicationSystemApplicationTests
16:58:21.123 [Test worker] DEBUG org.springframework.boot.test.context.SpringBootTestContextBootstrapper - Using TestExecutionListeners for test class [CreditApplicationSystemApplicationTests]: [ServletTestExecutionListener, DirtiesContextBeforeModesTestExecutionListener, ApplicationEventsTestExecutionListener, MockitoTestExecutionListener, DependencyInjectionTestExecutionListener, DirtiesContextTestExecutionListener, TransactionalTestExecutionListener, SqlScriptsTestExecutionListener, EventPublishingTestExecutionListener, RestDocsTestExecutionListener, MockRestServiceServerResetTestExecutionListener, MockMvcPrintOnlyOnFailureTestExecutionListener, WebDriverTestExecutionListener, MockWebServiceServerTestExecutionListener, ResetMocksTestExecutionListener]
16:58:21.128 [Test worker] DEBUG org.springframework.test.context.support.AbstractDirtiesContextTestExecutionListener - Before test class: class [CreditApplicationSystemApplicationTests], class annotated with @DirtiesContext [false] with mode [null]

  .   ____          _            __ _ _
 /\\ / ___'_ __ _ _(_)_ __  __ _ \ \ \ \
( ( )\___ | '_ | '_| | '_ \/ _` | \ \ \ \
 \\/  ___)| |_)| | | | | || (_| |  ) ) ) )
  '  |____| .__|_| |_|_| |_\__, | / / / /
 =========|_|==============|___/=/_/_/_/
 :: Spring Boot ::                (v3.0.4)

2023-11-19T16:58:22.899-03:00  INFO 11848 --- [    Test worker] .CreditApplicationSystemApplicationTests : Starting CreditApplicationSystemApplicationTests using Java 17.0.9 with PID 11848 (started by tiago in C:\Users\tiago\Documentos\Programação\Dio\credit-application-system)
2023-11-19T16:58:22.904-03:00  INFO 11848 --- [    Test worker] .CreditApplicationSystemApplicationTests : No active profile set, falling back to 1 default profile: "default"
2023-11-19T16:58:30.241-03:00  INFO 11848 --- [    Test worker] .s.d.r.c.RepositoryConfigurationDelegate : Bootstrapping Spring Data JPA repositories in DEFAULT mode.
2023-11-19T16:58:30.525-03:00  INFO 11848 --- [    Test worker] .s.d.r.c.RepositoryConfigurationDelegate : Finished Spring Data repository scanning in 245 ms. Found 2 JPA repository interfaces.
2023-11-19T16:58:32.656-03:00  INFO 11848 --- [    Test worker] o.f.c.internal.license.VersionPrinter    : Flyway Community Edition 9.5.1 by Redgate
2023-11-19T16:58:32.657-03:00  INFO 11848 --- [    Test worker] o.f.c.internal.license.VersionPrinter    : See what's new here: https://flywaydb.org/documentation/learnmore/releaseNotes#9.5.1
2023-11-19T16:58:32.657-03:00  INFO 11848 --- [    Test worker] o.f.c.internal.license.VersionPrinter    : 
2023-11-19T16:58:32.704-03:00  INFO 11848 --- [    Test worker] com.zaxxer.hikari.HikariDataSource       : HikariPool-1 - Starting...
2023-11-19T16:58:34.454-03:00  INFO 11848 --- [    Test worker] com.zaxxer.hikari.pool.HikariPool        : HikariPool-1 - Added connection conn0: url=jdbc:h2:mem:credit_application_system_db user=CAMI
2023-11-19T16:58:34.462-03:00  INFO 11848 --- [    Test worker] com.zaxxer.hikari.HikariDataSource       : HikariPool-1 - Start completed.
2023-11-19T16:58:34.514-03:00  INFO 11848 --- [    Test worker] o.f.c.i.database.base.BaseDatabaseType   : Database: jdbc:h2:mem:credit_application_system_db (H2 2.1)
2023-11-19T16:58:34.904-03:00  INFO 11848 --- [    Test worker] o.f.core.internal.command.DbValidate     : Successfully validated 3 migrations (execution time 00:00.118s)
2023-11-19T16:58:34.933-03:00  INFO 11848 --- [    Test worker] o.f.c.i.s.JdbcTableSchemaHistory         : Creating Schema History table "PUBLIC"."flyway_schema_history" ...
2023-11-19T16:58:35.029-03:00  INFO 11848 --- [    Test worker] o.f.core.internal.command.DbMigrate      : Current version of schema "PUBLIC": << Empty Schema >>
2023-11-19T16:58:35.058-03:00  INFO 11848 --- [    Test worker] o.f.core.internal.command.DbMigrate      : Migrating schema "PUBLIC" to version "1 - create table customer"
2023-11-19T16:58:35.102-03:00  INFO 11848 --- [    Test worker] o.f.core.internal.command.DbMigrate      : Migrating schema "PUBLIC" to version "2 - create table credit"
2023-11-19T16:58:35.137-03:00  INFO 11848 --- [    Test worker] o.f.core.internal.command.DbMigrate      : Migrating schema "PUBLIC" to version "3 - add table customer"
2023-11-19T16:58:35.203-03:00  INFO 11848 --- [    Test worker] o.f.core.internal.command.DbMigrate      : Successfully applied 3 migrations to schema "PUBLIC", now at version v3 (execution time 00:00.183s)
2023-11-19T16:58:35.610-03:00  INFO 11848 --- [    Test worker] o.hibernate.jpa.internal.util.LogHelper  : HHH000204: Processing PersistenceUnitInfo [name: default]
2023-11-19T16:58:35.925-03:00  INFO 11848 --- [    Test worker] org.hibernate.Version                    : HHH000412: Hibernate ORM core version 6.1.7.Final
2023-11-19T16:58:37.561-03:00  INFO 11848 --- [    Test worker] SQL dialect                              : HHH000400: Using dialect: org.hibernate.dialect.H2Dialect
2023-11-19T16:58:40.891-03:00  INFO 11848 --- [    Test worker] o.h.e.t.j.p.i.JtaPlatformInitiator       : HHH000490: Using JtaPlatform implementation: [org.hibernate.engine.transaction.jta.platform.internal.NoJtaPlatform]
2023-11-19T16:58:40.940-03:00  INFO 11848 --- [    Test worker] j.LocalContainerEntityManagerFactoryBean : Initialized JPA EntityManagerFactory for persistence unit 'default'
2023-11-19T16:58:44.287-03:00  WARN 11848 --- [    Test worker] JpaBaseConfiguration$JpaWebConfiguration : spring.jpa.open-in-view is enabled by default. Therefore, database queries may be performed during view rendering. Explicitly configure spring.jpa.open-in-view to disable this warning
2023-11-19T16:58:49.387-03:00  INFO 11848 --- [    Test worker] o.s.b.a.h2.H2ConsoleAutoConfiguration    : H2 console available at '/h2-console'. Database available at 'jdbc:h2:mem:credit_application_system_db'
2023-11-19T16:58:49.530-03:00  INFO 11848 --- [    Test worker] .CreditApplicationSystemApplicationTests : Started CreditApplicationSystemApplicationTests in 28.16 seconds (process running for 34.384)
]]></system-out>
  <system-err><![CDATA[[2023.11.19 16:58:21] (Coverage): Error during class instrumentation: org.springframework.boot.logging.log4j2.Log4J2LoggingSystem: java.lang.RuntimeException: java.io.IOException: Class org/apache/logging/log4j/core/config/composite/CompositeConfiguration not found
]]></system-err>
</testsuite>
